<?xml version="1.0" encoding="UTF-8"?>
<!-- Generated by org.testng.reporters.JUnitReportReporter -->
<testsuite hostname="Mds-MacBook-Air.home" failures="0" tests="2" name="restAssApi.Rest_Ass_API" time="3.703" errors="0" timestamp="2020-12-27T19:09:23 EST" skipped="0">
  <testcase classname="restAssApi.Rest_Ass_API" name="postApi" time="0.683"/>
  <system-out/>
  <testcase classname="restAssApi.Rest_Ass_API" name="getApi" time="3.020"/>
  <system-out/>
</testsuite> <!-- restAssApi.Rest_Ass_API -->
